<?xml version="1.0" encoding="UTF-8"?>
<!-- Generated by org.testng.reporters.JUnitReportReporter -->
<testsuite hostname="Sneha" failures="0" tests="3" name="TestNGKeyWords.KeywordTimeOut" time="0.012" errors="0" timestamp="2022-11-21T14:30:09 IST" skipped="0">
  <testcase classname="TestNGKeyWords.KeywordTimeOut" name="A" time="0.006"/>
  <system-out>
    <![CDATA[A Tc is Running]]>
  </system-out>
  <testcase classname="TestNGKeyWords.KeywordTimeOut" name="B" time="0.005"/>
  <system-out>
    <![CDATA[B Tc is Running]]>
  </system-out>
  <testcase classname="TestNGKeyWords.KeywordTimeOut" name="C" time="0.001"/>
  <system-out>
    <![CDATA[C Tc is Running]]>
  </system-out>
</testsuite> <!-- TestNGKeyWords.KeywordTimeOut -->
