<?xml version="1.0" encoding="UTF-8"?>
<!-- Generated by org.testng.reporters.JUnitReportReporter -->
<testsuite hostname="Sneha" failures="0" tests="1" name="VerificationUsingTestNG.AssretEqualsTest" time="0.008" errors="0" timestamp="2022-11-24T12:47:39 IST" skipped="0">
  <testcase classname="VerificationUsingTestNG.AssretEqualsTest" name="TC1" time="0.008"/>
  <system-out/>
</testsuite> <!-- VerificationUsingTestNG.AssretEqualsTest -->
