<?xml version="1.0" encoding="UTF-8"?>
<!-- Generated by org.testng.reporters.JUnitReportReporter -->
<testsuite hostname="Sneha" failures="0" tests="2" name="TestNGSTUDY12.NewTest2" time="0.010" errors="0" timestamp="2022-11-21T15:56:50 IST" skipped="0">
  <testcase classname="TestNGSTUDY12.NewTest2" name="A" time="0.007"/>
  <system-out>
    <![CDATA[A method is running using -->Log
A method is running using--log true]]>
  </system-out>
  <testcase classname="TestNGSTUDY12.NewTest2" name="C" time="0.003"/>
  <system-out>
    <![CDATA[c method is running using-->log
c method is running using--log true]]>
  </system-out>
</testsuite> <!-- TestNGSTUDY12.NewTest2 -->
