<?xml version="1.0" encoding="UTF-8"?>
<!-- Generated by org.testng.reporters.JUnitReportReporter -->
<testsuite hostname="Sneha" failures="0" tests="3" name="TestNGSTUDY12.NewTest" time="13.915" errors="0" timestamp="2022-11-18T18:53:53 IST" skipped="0">
  <testcase classname="TestNGSTUDY12.NewTest" name="GoogleTest" time="4.453"/>
  <system-out/>
  <testcase classname="TestNGSTUDY12.NewTest" name="FacebookTest" time="5.025"/>
  <system-out/>
  <testcase classname="TestNGSTUDY12.NewTest" name="PaytmTest" time="4.437"/>
  <system-out/>
</testsuite> <!-- TestNGSTUDY12.NewTest -->
