<?xml version="1.0" encoding="UTF-8"?>
<!-- Generated by org.testng.reporters.JUnitReportReporter -->
<testsuite hostname="Sneha" failures="0" tests="1" name="TestNGSTUDY12.GroupingTest" time="0.001" errors="0" timestamp="2022-11-23T15:21:56 IST" skipped="0">
  <testcase classname="TestNGSTUDY12.GroupingTest" name="D" time="0.001"/>
  <system-out>
    <![CDATA[D method is running]]>
  </system-out>
</testsuite> <!-- TestNGSTUDY12.GroupingTest -->
