<?xml version="1.0" encoding="UTF-8"?>
<!-- Generated by org.testng.reporters.JUnitReportReporter -->
<testsuite hostname="Sneha" failures="0" tests="1" name="TestNGSTUDY12.FirefoxDriverTest" time="5.637" errors="0" timestamp="2022-11-24T15:38:51 IST" skipped="0">
  <testcase classname="TestNGSTUDY12.FirefoxDriverTest" name="Firefox" time="5.637"/>
  <system-out/>
</testsuite> <!-- TestNGSTUDY12.FirefoxDriverTest -->
