<?xml version="1.0" encoding="UTF-8"?>
<!-- Generated by org.testng.reporters.JUnitReportReporter -->
<testsuite hostname="Sneha" failures="0" tests="3" name="TestNGKeyWords.TimeoutKeyword1" time="1.019" errors="0" timestamp="2022-11-21T15:04:02 IST" skipped="0">
  <testcase classname="TestNGKeyWords.TimeoutKeyword1" name="B" time="0.002"/>
  <system-out>
    <![CDATA[B TC is running]]>
  </system-out>
  <testcase classname="TestNGKeyWords.TimeoutKeyword1" name="A" time="1.016"/>
  <system-out>
    <![CDATA[A TC is running]]>
  </system-out>
  <testcase classname="TestNGKeyWords.TimeoutKeyword1" name="C" time="0.001"/>
  <system-out>
    <![CDATA[C TC is running]]>
  </system-out>
</testsuite> <!-- TestNGKeyWords.TimeoutKeyword1 -->
