<?xml version="1.0" encoding="UTF-8"?>
<!-- Generated by org.testng.reporters.JUnitReportReporter -->
<testsuite hostname="Sneha" failures="0" tests="5" name="TestNGKeyWords.KeywordIC" time="0.019" errors="0" timestamp="2022-11-19T00:27:50 IST" skipped="0">
  <testcase classname="TestNGKeyWords.KeywordIC" name="A" time="0.001"/>
  <system-out>
    <![CDATA[A Tc is Running]]>
  </system-out>
  <testcase classname="TestNGKeyWords.KeywordIC" name="A" time="0.009"/>
  <system-out>
    <![CDATA[A Tc is Running]]>
  </system-out>
  <testcase classname="TestNGKeyWords.KeywordIC" name="A" time="0.002"/>
  <system-out>
    <![CDATA[A Tc is Running]]>
  </system-out>
  <testcase classname="TestNGKeyWords.KeywordIC" name="A" time="0.003"/>
  <system-out>
    <![CDATA[A Tc is Running]]>
  </system-out>
  <testcase classname="TestNGKeyWords.KeywordIC" name="A" time="0.004"/>
  <system-out>
    <![CDATA[A Tc is Running]]>
  </system-out>
</testsuite> <!-- TestNGKeyWords.KeywordIC -->
