<?xml version="1.0" encoding="UTF-8"?>
<!-- Generated by org.testng.reporters.JUnitReportReporter -->
<testsuite hostname="Sneha" failures="0" tests="1" name="TestNGSTUDY12.UpStoxApplicationStudy" time="0.005" errors="0" timestamp="2022-11-21T14:14:57 IST" skipped="0">
  <testcase classname="TestNGSTUDY12.UpStoxApplicationStudy" name="validateUserName" time="0.005"/>
  <system-out>
    <![CDATA[User Name is validated]]>
  </system-out>
</testsuite> <!-- TestNGSTUDY12.UpStoxApplicationStudy -->
