<?xml version="1.0" encoding="UTF-8"?>
<!-- Generated by org.testng.reporters.JUnitReportReporter -->
<testsuite hostname="Sneha" failures="0" tests="1" name="TestNGStudy.TestNGEX1" time="3.466" errors="0" timestamp="2022-11-07T17:38:57 IST" skipped="0">
  <testcase classname="TestNGStudy.TestNGEX1" name="KiteLogin" time="3.466"/>
  <system-out/>
</testsuite> <!-- TestNGStudy.TestNGEX1 -->
