<?xml version="1.0" encoding="UTF-8"?>
<!-- Generated by org.testng.reporters.JUnitReportReporter -->
<testsuite hostname="Sneha" failures="0" tests="4" name="TestNGKeyWords.KeywordPriority" time="0.014" errors="0" timestamp="2022-11-19T01:03:52 IST" skipped="1">
  <testcase classname="TestNGKeyWords.KeywordPriority" name="D" time="0.008"/>
  <system-out>
    <![CDATA[D tc is running]]>
  </system-out>
  <testcase classname="TestNGKeyWords.KeywordPriority" name="B" time="0.001"/>
  <system-out>
    <![CDATA[B tc is running]]>
  </system-out>
  <testcase classname="TestNGKeyWords.KeywordPriority" name="A" time="0.005"/>
  <system-out>
    <![CDATA[A tc is running]]>
  </system-out>
  <testcase classname="TestNGKeyWords.KeywordPriority" name="C">
    <skipped/>
  </testcase> <!-- C -->
  <system-out/>
</testsuite> <!-- TestNGKeyWords.KeywordPriority -->
