<?xml version="1.0" encoding="UTF-8"?>
<!-- Generated by org.testng.reporters.JUnitReportReporter -->
<testsuite hostname="Sneha" failures="0" tests="1" name="VerificationUsingTestNG.AssertTest" time="12.234" errors="0" timestamp="2022-11-24T12:41:28 IST" skipped="0">
  <testcase classname="VerificationUsingTestNG.AssertTest" name="VerifyCheckbox" time="12.234"/>
  <system-out/>
</testsuite> <!-- VerificationUsingTestNG.AssertTest -->
