<?xml version="1.0" encoding="UTF-8"?>
<!-- Generated by org.testng.reporters.JUnitReportReporter -->
<testsuite hostname="Sneha" failures="0" tests="5" name="TestNGSTUDY12.NewTest3" time="0.006" errors="0" timestamp="2022-11-21T15:56:50 IST" skipped="0">
  <testcase classname="TestNGSTUDY12.NewTest3" name="F" time="0.002"/>
  <system-out>
    <![CDATA[F method is running]]>
  </system-out>
  <testcase classname="TestNGSTUDY12.NewTest3" name="G" time="0.000"/>
  <system-out>
    <![CDATA[G method is running]]>
  </system-out>
  <testcase classname="TestNGSTUDY12.NewTest3" name="C" time="0.001"/>
  <system-out>
    <![CDATA[C method is running]]>
  </system-out>
  <testcase classname="TestNGSTUDY12.NewTest3" name="E" time="0.002"/>
  <system-out>
    <![CDATA[E method is running]]>
  </system-out>
  <testcase classname="TestNGSTUDY12.NewTest3" name="A" time="0.001"/>
  <system-out>
    <![CDATA[A method is running]]>
  </system-out>
</testsuite> <!-- TestNGSTUDY12.NewTest3 -->
