<?xml version="1.0" encoding="UTF-8"?>
<!-- Generated by org.testng.reporters.JUnitReportReporter -->
<testsuite hostname="Sneha" failures="0" tests="3" name="TestNGSTUDY12.GroupingTest1" time="0.010" errors="0" timestamp="2022-11-23T15:21:56 IST" skipped="0">
  <testcase classname="TestNGSTUDY12.GroupingTest1" name="G" time="0.001"/>
  <system-out>
    <![CDATA[G method is running]]>
  </system-out>
  <testcase classname="TestNGSTUDY12.GroupingTest1" name="E" time="0.001"/>
  <system-out>
    <![CDATA[E method is running]]>
  </system-out>
  <testcase classname="TestNGSTUDY12.GroupingTest1" name="C" time="0.008"/>
  <system-out>
    <![CDATA[C method is running]]>
  </system-out>
</testsuite> <!-- TestNGSTUDY12.GroupingTest1 -->
