<?xml version="1.0" encoding="UTF-8"?>
<!-- Generated by org.testng.reporters.JUnitReportReporter -->
<testsuite hostname="Sneha" failures="0" tests="3" name="TestNGKeyWords.KeywordEnabled" time="0.011" errors="0" timestamp="2022-11-21T14:35:29 IST" skipped="1">
  <testcase classname="TestNGKeyWords.KeywordEnabled" name="C" time="0.003"/>
  <system-out>
    <![CDATA[C tc is running]]>
  </system-out>
  <testcase classname="TestNGKeyWords.KeywordEnabled" name="A" time="0.008"/>
  <system-out>
    <![CDATA[A tc is running]]>
  </system-out>
  <testcase classname="TestNGKeyWords.KeywordEnabled" name="B">
    <skipped/>
  </testcase> <!-- B -->
  <system-out/>
</testsuite> <!-- TestNGKeyWords.KeywordEnabled -->
